<?xml version="1.0" encoding="UTF-8"?>
<testsuite xmlns:xsi="http://www.w3.org/2001/XMLSchema-instance" xsi:noNamespaceSchemaLocation="https://maven.apache.org/surefire/maven-surefire-plugin/xsd/surefire-test-report.xsd" name="test.LibraryManagerTest" time="0.192" tests="20" errors="0" skipped="0" failures="0">
  <properties>
    <property name="java.specification.version" value="21"/>
    <property name="sun.cpu.isalist" value="amd64"/>
    <property name="sun.jnu.encoding" value="Cp1252"/>
    <property name="java.class.path" value="C:\Users\dharm\OneDrive\Desktop\Digital library\target\test-classes;C:\Users\dharm\OneDrive\Desktop\Digital library\target\classes;C:\Users\dharm\.m2\repository\org\junit\jupiter\junit-jupiter\5.8.2\junit-jupiter-5.8.2.jar;C:\Users\dharm\.m2\repository\org\junit\jupiter\junit-jupiter-api\5.8.2\junit-jupiter-api-5.8.2.jar;C:\Users\dharm\.m2\repository\org\opentest4j\opentest4j\1.2.0\opentest4j-1.2.0.jar;C:\Users\dharm\.m2\repository\org\junit\platform\junit-platform-commons\1.8.2\junit-platform-commons-1.8.2.jar;C:\Users\dharm\.m2\repository\org\apiguardian\apiguardian-api\1.1.2\apiguardian-api-1.1.2.jar;C:\Users\dharm\.m2\repository\org\junit\jupiter\junit-jupiter-params\5.8.2\junit-jupiter-params-5.8.2.jar;C:\Users\dharm\.m2\repository\org\junit\jupiter\junit-jupiter-engine\5.8.2\junit-jupiter-engine-5.8.2.jar;C:\Users\dharm\.m2\repository\org\junit\platform\junit-platform-engine\1.8.2\junit-platform-engine-1.8.2.jar;"/>
    <property name="java.vm.vendor" value="Oracle Corporation"/>
    <property name="sun.arch.data.model" value="64"/>
    <property name="user.variant" value=""/>
    <property name="java.vendor.url" value="https://java.oracle.com/"/>
    <property name="user.timezone" value="Asia/Calcutta"/>
    <property name="os.name" value="Windows 11"/>
    <property name="java.vm.specification.version" value="21"/>
    <property name="sun.java.launcher" value="SUN_STANDARD"/>
    <property name="user.country" value="IN"/>
    <property name="sun.boot.library.path" value="D:\selenium\jdk-21.0.1\bin"/>
    <property name="sun.java.command" value="C:\Users\dharm\AppData\Local\Temp\surefire12889841744099402037\surefirebooter9073478340471093516.jar C:\Users\dharm\AppData\Local\Temp\surefire12889841744099402037 2025-03-27T13-06-21_305-jvmRun1 surefire14828477160071478802tmp surefire_014280163114139189281tmp"/>
    <property name="jdk.debug" value="release"/>
    <property name="surefire.test.class.path" value="C:\Users\dharm\OneDrive\Desktop\Digital library\target\test-classes;C:\Users\dharm\OneDrive\Desktop\Digital library\target\classes;C:\Users\dharm\.m2\repository\org\junit\jupiter\junit-jupiter\5.8.2\junit-jupiter-5.8.2.jar;C:\Users\dharm\.m2\repository\org\junit\jupiter\junit-jupiter-api\5.8.2\junit-jupiter-api-5.8.2.jar;C:\Users\dharm\.m2\repository\org\opentest4j\opentest4j\1.2.0\opentest4j-1.2.0.jar;C:\Users\dharm\.m2\repository\org\junit\platform\junit-platform-commons\1.8.2\junit-platform-commons-1.8.2.jar;C:\Users\dharm\.m2\repository\org\apiguardian\apiguardian-api\1.1.2\apiguardian-api-1.1.2.jar;C:\Users\dharm\.m2\repository\org\junit\jupiter\junit-jupiter-params\5.8.2\junit-jupiter-params-5.8.2.jar;C:\Users\dharm\.m2\repository\org\junit\jupiter\junit-jupiter-engine\5.8.2\junit-jupiter-engine-5.8.2.jar;C:\Users\dharm\.m2\repository\org\junit\platform\junit-platform-engine\1.8.2\junit-platform-engine-1.8.2.jar;"/>
    <property name="sun.cpu.endian" value="little"/>
    <property name="user.home" value="C:\Users\dharm"/>
    <property name="user.language" value="en"/>
    <property name="java.specification.vendor" value="Oracle Corporation"/>
    <property name="java.version.date" value="2023-10-17"/>
    <property name="java.home" value="D:\selenium\jdk-21.0.1"/>
    <property name="file.separator" value="\"/>
    <property name="basedir" value="C:\Users\dharm\OneDrive\Desktop\Digital library"/>
    <property name="java.vm.compressedOopsMode" value="32-bit"/>
    <property name="line.separator" value="&#10;"/>
    <property name="java.vm.specification.vendor" value="Oracle Corporation"/>
    <property name="java.specification.name" value="Java Platform API Specification"/>
    <property name="surefire.real.class.path" value="C:\Users\dharm\AppData\Local\Temp\surefire12889841744099402037\surefirebooter9073478340471093516.jar"/>
    <property name="user.script" value=""/>
    <property name="sun.management.compiler" value="HotSpot 64-Bit Tiered Compilers"/>
    <property name="java.runtime.version" value="21.0.1+12-LTS-29"/>
    <property name="user.name" value="dharm"/>
    <property name="stdout.encoding" value="Cp1252"/>
    <property name="path.separator" value=";"/>
    <property name="os.version" value="10.0"/>
    <property name="java.runtime.name" value="Java(TM) SE Runtime Environment"/>
    <property name="file.encoding" value="UTF-8"/>
    <property name="java.vm.name" value="Java HotSpot(TM) 64-Bit Server VM"/>
    <property name="localRepository" value="C:\Users\dharm\.m2\repository"/>
    <property name="java.vendor.url.bug" value="https://bugreport.java.com/bugreport/"/>
    <property name="java.io.tmpdir" value="C:\Users\dharm\AppData\Local\Temp\"/>
    <property name="java.version" value="21.0.1"/>
    <property name="user.dir" value="C:\Users\dharm\OneDrive\Desktop\Digital library"/>
    <property name="os.arch" value="amd64"/>
    <property name="java.vm.specification.name" value="Java Virtual Machine Specification"/>
    <property name="sun.os.patch.level" value=""/>
    <property name="native.encoding" value="Cp1252"/>
    <property name="java.library.path" value="D:\selenium\jdk-21.0.1\bin;C:\WINDOWS\Sun\Java\bin;C:\WINDOWS\system32;C:\WINDOWS;C:\Windows\system32;C:\Windows;C:\Windows\System32\Wbem;C:\Windows\System32\WindowsPowerShell\v1.0\;C:\Windows\System32\OpenSSH\;C:\Program Files (x86)\NVIDIA Corporation\PhysX\Common;C:\Program Files\NVIDIA Corporation\NVIDIA NvDLISR;C:\Users\dharm\AppData\Roaming\nvm;C:\Program Files\nodejs;C:\Program Files\Microsoft SQL Server\150\Tools\Binn\;C:\Program Files\Microsoft SQL Server\Client SDK\ODBC\170\Tools\Binn\;C:\Program Files (x86)\Microsoft SQL Server\160\Tools\Binn\;C:\Program Files\Microsoft SQL Server\160\Tools\Binn\;C:\Program Files\Microsoft SQL Server\160\DTS\Binn\;C:\WINDOWS\system32;C:\WINDOWS;C:\WINDOWS\System32\Wbem;C:\WINDOWS\System32\WindowsPowerShell\v1.0\;C:\WINDOWS\System32\OpenSSH\;C:\Program Files\Git\cmd;C:\Program Files\GitHub CLI\;C:\ProgramData\chocolatey\bin;C:\Users\dharm\Downloads\tesseract-ocr-w64-setup-5.5.0.20241111 (1).exe;C:\Program Files\Tesseract-OCR;C:\Program Files\MySQL\MySQL Shell 8.0\bin\;C:\Users\dharm\AppData\Local\Microsoft\WindowsApps;C:\Users\dharm\AppData\Local\Programs\Microsoft VS Code\bin;C:\Users\dharm\AppData\Roaming\nvm;C:\Program Files\nodejs;C:\Program Files\Azure Data Studio\bin;D:\selenium\jdk-21.0.1\bin;C:\Users\dharm\AppData\Roaming\npm;C:\Users\dharm\AppData\Local\Programs\cursor\resources\app\bin;C:\Program Files\Apache\Maven\apache-maven-3.9.9\bin;;c:\Users\dharm\AppData\Roaming\Code\User\globalStorage\github.copilot-chat\debugCommand;."/>
    <property name="java.vm.info" value="mixed mode, sharing"/>
    <property name="stderr.encoding" value="Cp1252"/>
    <property name="java.vendor" value="Oracle Corporation"/>
    <property name="java.vm.version" value="21.0.1+12-LTS-29"/>
    <property name="sun.io.unicode.encoding" value="UnicodeLittle"/>
    <property name="java.class.version" value="65.0"/>
  </properties>
  <testcase name="testTitleLengthValidation" classname="test.LibraryManagerTest" time="0.048"/>
  <testcase name="testAddBook" classname="test.LibraryManagerTest" time="0.034"/>
  <testcase name="testUpdateNonExistentBook" classname="test.LibraryManagerTest" time="0.009"/>
  <testcase name="testSearchWithSpecialCharacters" classname="test.LibraryManagerTest" time="0.006"/>
  <testcase name="testUpdateAvailabilityOnly" classname="test.LibraryManagerTest" time="0.004"/>
  <testcase name="testUpdateBook" classname="test.LibraryManagerTest" time="0.003"/>
  <testcase name="testSearchByTitle" classname="test.LibraryManagerTest" time="0.006"/>
  <testcase name="testUpdateWithInvalidData" classname="test.LibraryManagerTest" time="0.011"/>
  <testcase name="testBookConstructorValidation" classname="test.LibraryManagerTest" time="0.002"/>
  <testcase name="testSearchWithWhitespace" classname="test.LibraryManagerTest" time="0.004"/>
  <testcase name="testGenreLengthValidation" classname="test.LibraryManagerTest" time="0.001"/>
  <testcase name="testSearchByNonExistentTitle" classname="test.LibraryManagerTest" time="0.005"/>
  <testcase name="testAddNullBook" classname="test.LibraryManagerTest" time="0.002"/>
  <testcase name="testSearchCaseInsensitive" classname="test.LibraryManagerTest" time="0.005"/>
  <testcase name="testDeleteBook" classname="test.LibraryManagerTest" time="0.004"/>
  <testcase name="testAuthorLengthValidation" classname="test.LibraryManagerTest" time="0.002"/>
  <testcase name="testMultipleBooks" classname="test.LibraryManagerTest" time="0.004"/>
  <testcase name="testDeleteNonExistentBook" classname="test.LibraryManagerTest" time="0.001"/>
  <testcase name="testAddDuplicateBook" classname="test.LibraryManagerTest" time="0.005"/>
  <testcase name="testSearchWithPartialMatch" classname="test.LibraryManagerTest" time="0.002"/>
</testsuite>